[   0.000000] Initializing cgroup subsys cpuset
[    0000000] Initializing cgroup subsys cpu
[    0.000000] Initializing cgroup subsys cpuacct
[    0.000000] Linux version 4.4.0-127-generic (buildd@lcy01-amd64-023) (gcc version 5.4.0 20160609 (Ubuntu 5.4.0-6ubuntu1~16.04.9) ) #153-Ubuntu SMP Sat May 19 10:58:46 UTC 2018 (Ubuntu 4.4.0-127.153-generic 4.4.128)
[    0.000000] Command line: BOOT_IMAGE=/boot/vmlinuz-4.4.0-127-generic root=LABEL=cloudimg-rootfs ro console=tty1 console=ttyS0
[    0.000000] KERNEL supported cpus:
[   0.000000]   IntelGenuineIntel
[    0.000000]   AM AthenticAMD
[    0.000000]   Centaur CentaurHauls
[    0.000000] x86/fpu: xstate_offset[2]:  576, xstate_sizes[2]:  256
[    0.000000] x86/fpu: Supporting XSAVE feature 0x01: 'x87 floating point registers'
[    0.000000] x86/fpu: Supporting XSAVE feature 0x02: 'SSE registers'
[    0.000000] x86/fpu: Supporting XSAVE feature 0x04: 'AVX registers'
[    0.000000] x86/fpu: Enabled xstate features 0x7, context size is 832 bytes, using 'standard' format.
[    0.000000] x86/fpu: Using 'lazy' FPU context switches.
[    0.000000] e820: BIOS-provided physical RAM map:
[    0.000000] BIOS-e820: [mem 0x0000000000000000-0x000000000009fbff] usable
[    0.000000] BIOS-e820: [mem 0x000000000009fc00-0x00000000009fff] reserved
[   .000000] BIOS-e82: [mem 0x00000000000f000-0x00000000000fffff] reservd
[    0.00000] BIOS-e820: [mem 0x0000000000100000-0x000000003ffeffff] usable
[    0.000000] BIOS-e820: [mem 0x000000003fff0000-0x000000003fffffff] ACPI data
[    0.000000] BIOS-e820: [mem 0x00000000fec00000-0x00000000fec00fff] reserved
[    0.000000] BIOS-e820: [mem 0x00000000fee00000-0x00000000fee00fff] reserved
[    0..000000] BIOS-e820: [mem 0x00000000fffc0000-0x00000000ffffffff] reserved
[    0.000000] NX (Execute Disable) protection: active
[    0.000000] SMBIOS 2.5 present.
[    0.000000] Hypervisor detected: KVM
[    0.000000] e820: last_pfn = 0x3fff0 max_arch_pfn = 0x400000000
[    0.000000] MTRR: Disabled
[    0.000000] x86/PAT: MTRRs disabled, skipping PAT initialization too.
[    0.000000] CPU MTRRs all blank - virtualized system.
[    0.000000] x86/PAT: Configuration [0-7]: WB  WT  UC- UC  WB  WT  UC- UC  
[    0.000000] found SMP MP-table at [mem 0x0009fff0-0x0009ffff] mapped at [ffff88000009fff0]
[    0.000000] Scanning 1 areas for low memory corruption
[    0.000000] RAMDISK: [mem 0x36a96000-0x37542fff]
[    0.000000] ACPI: Early table checksum verification disabled
[    0.000000] ACPI: RSDP 0x00000000000E0000 000024 (v02 VBOX  )
[    0.000000] ACPI: XSDT 0x000000003FFF0030 00003C (v01 VBOX   VBOXXSDT 00000001 ASL  00000061)
[    0.000000] ACPI: FACP 0x000000003FFF00F0 0000F4 (v04 VBOX   VBOXFACP 00000001 ASL  00000061)
[    0.000000] ACPI: DSDT 0x000000003FFF0470 0021FF (v02 VBOX   VBOXBIOS 00000002 INTL 20100528)
[    0.000000] ACPI: FACS 0x000000003FFF0200 000040
[    0.000000] ACPI: FACS 0x000000003FFF0200 000040
[    0.000000] ACPI: APIC 0x000000003FFF0240 00005C (v02 VBOX   VBOXAPIC 00000001 ASL  00000061)
[    0.000000] ACPI: SSDT 0x000000003FFF02A0 0001CC (v01 VBOX   VBOXCPUT 00000002 INTL 20100528)
[    0.000000] No NUMA configuration found
[    0.000000] Faking a node at [mem 0x0000000000000000-0x000000003ffeffff]
[    0.000000] NODE_DATA(0) allocated [mem 0x3ffeb000-0x3ffeffff]
[    0.000000] kvm-clock: Usng msrs 4b564d01 and 4b564d00
[    0.000000] kvm-clock: cpu 0, msr 0:3ffe3001, primary cpu clock
[    0.000000] kvm-clock: using sched offset of 5398800298 cycles
[    0.000000] clocksource: kvm-clock: mask: 0xffffffffffffffff max_cycles: 0x1cd42e4dffb, max_idle_ns: 881590591483 ns
[    0.000000] Zone ranges:
[    0.000000]   DMA      [mem 0x0000000000001000-0x0000000000ffffff]
[    0.000000]   DMA32    [mem 0x0000000001000000-0x000000003ffeffff]
[    0.000000]   Normal   empty
[    0.000000]   Device   empty
[    0.000000] Movable zone start for each node
[    0.000000] Early memory node ranges
[    0.000000]   node   0: [mem 0x0000000000001000-0x000000000009efff]
[    0.000000]   node   0: [mem 0x0000000000100000-0x000000003ffeffff]
[    0.000000] Initmem setup node 0 [mem 0x0000000000001000-0x000000003ffeffff]
[    0.000000] ACPI: M-imer IO Port 0408
[    0.000000] IOAPIC[0]: apic_id 2, version 32, address 0xfec00000, GSI 0-23
[    0.000000] ACPI: INT_SRC_OVR (bus 0 bus_irq 0 global_irq 2 dfl dfl)
[    0.000000] ACPI: INT_SRC_OVR (bus 0 bus_irq 9 global_irq 9 low level)
[    0.000000] Using ACPI (MADT) for SMP configuration information
[    0.000000] smpboot: Allowing 2 CPUs, 0 hotplug CPUs
[    0.000000] PM: Registered nosave memory: [mem 0x00000000-0x00000fff]
[    0.000000] PM: Registered nosave memory: [m 0x0009f000-0x0009ffff]
[    0.000000] PM: Registered nosave memory: [mem 0x000a0000-0x000effff]
[    0.000000] PM: Registred nosae memory: [mem 0x000f0000-0x000fffff]
[    0.000000] e820: [mem 0x40000000-0xfebfffff] available for PCI devices
[    0.000000] Booting paravirtualized kernel on KVM
[    0.000000] clocksource: refind-jiffis:mask: 0xffffff max_cycles: 0xfffffff, max_idle_s:76455190011568 ns[   0.000000] setup_pecp: NR_CUS512 nr_cpmak_bits:512 nr_cpu_ids:2 r_node_ids:1
[    0.000000] PERCPU: Embedded 34 pages/cpu @ffff88003fc00000 s99544 r8192 d31528 u1048576
[    0.000000] P qpinlock hash table entries: 6 (order: 0, 4096 bytes)
[    0.000000] Built 1 zonelists in Node order, mobility grouping on.  Total pages: 257912
[    0.000000] Policy zone: DMA32
[    0.000000] Kernel command line: BOOT_IMAGE=/boot/vmlinuz-4.4.0-127-generic root=LABEL=cloudimg-rootfs ro console=tty1 console=ttyS0
[    0.000000] PID hash table entries: 4096 order: 3, 32768 byts)
[    0.000000] Memory: 1001588K/1048120K available (8537KK kernel code, 1313K rwdata, 4000K rodata, 1512K init, 1316K bss, 46532K reserved, 0K cma-reserved)
[    0.000000] SLUB: HWalign=64, Order=0-3, MinObjects=0, CPUs=2, Nodes=1
[    0.000000] Kernel/User page tables isolation: enabled
[    0.000000] Hierarchical RCU implementation.
[    0.000000] 	Build-time adjustment of leaf fanout to 64.
[    0.000000] 	RCU restricting CPUs from NR_CPUS=512 to nr_cpu_ids=2.
[    0.000000] RCU: Adjusting geometry for rcu_fanout_leaf=64, nr_cpu_ids=2
[    0.000000] NR_IRQS:33024 nr_irqs:440 16
[    0.000000] Console: colour VGA+ 80x25
[    0.000000] console [tty1] enabled
[    0.000000] console [ttyS0] enabled
[    0.000000] tsc: Detected 1995.382 MHz processor
[    2.123779] Calibrating delay loop (skipped) preset value.. 3990.76 BogoMIPS (lpj=7981528)
[    2.128305] pid_max: default: 32768 minimum: 301
[    2.130884] ACPI: Core revision 20150930
[    2.136015] ACPI: 2 ACPI AML tables successfully acquired and loaded
[    2.140118] Security Framework initialized
[    2.142619] Yama: becoming mindful.
[    2.144648] AppArmor: AppArmor initialized
[    2.146537] Dentry cache hash table entries: 131072 (order: 8, 1048576 bytes)
[    2.155408] Inode-cache hash table entries: 65536 (order: 7, 524288 bytes)
[    2.157904] Mount-cache hash table entries: 2048 (order: 2, 16384 bytes)
[    2.160214] Mountpoint-cache hash table entries: 2048 (order: 2, 16384 bytes)
[    2.163156] Initializing cgroup subsys io
[    2.164827] Initializing cgroup subsys memory
[    2.173068] Initializing cgroup subsys devices
[    2.174975] Initializing cgroup subsys freezer
[    2.179140] Initializing cgroup subsys net_cls
[    2.180537] Initializing cgroup subsys perf_event
[    2.181926] Initializing cgroup subsys net_prio
[    2.183256] Initializing cgroup subsys hugetlb
[    2.184468] Initializing cgroup subsys pids
[    2.193847] CPU: Physical Processor ID: 0
[    2.195122] CPU: Processor Core ID: 0
[    2.197468] mce: CPU supports 0 MCE banks
[    2.198768] Last level iTLB entries: 4KB 64, 2MB 8, 4MB 8
[    2.202861] Last level dTLB entries: 4KB 64, 2MB 0, 4MB 0, 1GB 4
[    2.204432] Spectre V2 : Mitigation: Full generic retpoline
[    2.205926] Spectre V2 : Speculation control IBPB not-supported IBRS not-supported
[    2.219211] Speculative Store Bypass: Vulnerable
[    2.233870] Freeing SMP alternatives memory: 32K
[    2.258607] ftrace: allocating 32237 entries in 126 pages
[    2.479503] smpboot: APIC(0) Converting physical 0 to logical package 0
[    2.485947] smpboot: Max logical packages: 1
[    2.491484] x2apic enabled
[    2.500725] Switched APIC routing to physical x2apic.
[    2.528034] ..TIMER: vector=0x30 apic1=0 pin1=2 apic2=-1 pin2=-1
[    2.669750] smpboot: CPU0: Intel(R) Core(TM) i3-5005U CPU @ 2.00GHz (family: 0x6, model: 0x3d, stepping: 0x4)
[    2.704823] Performance Events: unsupported p6 CPU model 61 no PMU driver, software events only.
[    2.733458] KVM setup paravirtual spinlock
[    2.741694] x86: Booting SMP configuration:
[    2.746374] .... node  #0, CPUs:      #1
[    2.763164] kvm-clock: cpu 1, msr 0:3ffe3041, secondary cpu clock
[    2.783840] mce: CPU supports 0 MCE banks
[    2.788790] x86: Booted up 1 node, 2 CPUs
[    2.793718] smpboot: Total of 2 processors activated (7981.52 BogoMIPS)
[    2.801535] devtmpfs: initialized
[    2.810368] evm: security.selinux
[    2.831020] evm: security.SMACK64
[    2.835969] evm: security.SMACK64EXEC
[    2.852087] evm: security.SMACK64TRANSMUTE
[    2.864134] evm: security.SMACK64MMAP
[    2.872345] evm: security.ima
[    2.880551] evm: security.capability
[    2.886823] clocksource: jiffies: mask: 0xffffffff max_cycles: 0xffffffff, max_idle_ns: 7645041785100000 ns
[    2.919103] futex hash table entries: 512 (order: 3, 32768 bytes)
[    2.928263] pinctrl core: initialized pinctrl subsystem
[    2.933773] RTC time: 18:56:39, date: 06/20/18
[    2.938893] NET: Registered protocol family 16
[    2.956717] cpuidle: using governor ladder
[    2.983067] cpuidle: using governor menu
[    2.995757] PCCT header not found.
[    3.008035] ACPI: bus type PCI registered
[    3.029144] acpiphp: ACPI Hot Plug PCI Controller Driver version: 0.5
[    3.046336] PCI: Using configuration type 1 for base access
[    3.074121] ACPI: Added _OSI(Module Device)
[    3.081471] ACPI: Added _OSI(Processor Device)
[    3.089176] ACPI: Added _OSI(3.0 _SCP Extensions)
[    3.103033] ACPI: Added _OSI(Processor Aggregator Device)
[    3.122763] ACPI: Executed 1 blocks of module-level executable AML code
[    3.155552] ACPI: Interpreter enabled
[    3.164017] ACPI: (supports S0 S5)
[    3.172476] ACPI: Using IOAPIC for interrupt routing
[    3.178307] PCI: Using host bridge windows from ACPI; if necessary, use "pci=nocrs" and report a bug
[    3.209692] ACPI: PCI Root Bridge [PCI0] (domain 0000 [bus 00-ff])
[    3.215579] acpi PNP0A03:00: _OSC: OS supports [ASPM ClockPM Segments MSI]
[    3.222180] acpi PNP0A03:00: _OSC: not requesting OS control; OS requires [ExtendedConfig ASPM ClockPM MSI]
[    3.241181] acpi PNP0A03:00: fail to add MMCONFIG information, can't access extended PCI configuration space under this bridge.
[    3.254977] PCI host bridge to bus 0000:00
[    3.257877] pci_bus 0000:00: root bus resource [io  0x0000-0x0cf7 window]
[    3.262433] pci_bus 0000:00: root bus resource [io  0x0d00-0xffff window]
[    3.269001] pci_bus 0000:00: root bus resource [mem 0x000a0000-0x000bffff window]
[    3.274254] pci_bus 0000:00: root bus resource [mem 0x40000000-0xfdffffff window]
[    3.279265] pci_bus 0000:00: root bus resource [bus 00-ff]
[    3.287679] pci 0000:00:01.1: legacy IDE quirk: reg 0x10: [io  0x01f0-0x01f7]
[    3.290416] pci 0000:00:01.1: legacy IDE quirk: reg 0x14: [io  0x03f6]
[    3.293075] pci 0000:00:01.1: legacy IDE quirk: reg 0x18: [io  0x0170-0x0177]
[    3.313602] pci 0000:00:01.1: legacy IDE quirk: reg 0x1c: [io  0x0376]
[    3.350410] pci 0000:00:07.0: quirk: [io  0x4000-0x403f] claimed by PIIX4 ACPI
[    3.353502] pci 0000:00:07.0: quirk: [io  0x4100-0x410f] claimed by PIIX4 SMB
[    3.364917] ACPI: PCI Interrupt Link [LNKA] (IRQs 5 9 10 *11)
[    3.368889] ACPI: PCI Interrupt Link [LNKB] (IRQs 5 9 *10 11)
[    3.371095] ACPI: PCI Interrupt Link [LNKC] (IRQs 5 *9 10 11)
[    3.381940] ACPI: PCI Interrupt Link [LNKD] (IRQs 5 9 10 *11)
[    3.384339] ACPI: Enabled 2 GPEs in block 00 to 07
[    3.386355] vgaarb: setting as boot device: PCI:0000:00:02.0
[    3.387836] vgaarb: device added: PCI:0000:00:02.0,decodes=io+mem,owns=io+mem,locks=none
[    3.395711] vgaarb: loaded
[    3.396588] vgaarb: bridge control possible 0000:00:02.0
[    3.398399] SCSI subsystem initialized
[    3.399769] ACPI: bus type USB registered
[    3.400942] usbcore: registered new interface driver usbfs
[    3.414357] usbcore: registered new interface driver hub
[    3.415771] usbcore: registered new device driver usb
[    3.428697] PCI: Using ACPI for IRQ routing
[    3.432524] NetLabel: Initializing
[    3.435436] NetLabel:  domain hash size = 128
[    3.445466] NetLabel:  protocols = UNLABELED CIPSOv4
[    3.446870] NetLabel:  unlabeled traffic allowed by default
[    3.448574] amd_nb: Cannot enumerate AMD northbridges
[    3.458110] clocksource: Switched to clocksource kvm-clock
[   .48147] AppArmo: AppArmor FleysemEnbld[   3.871741] pnp: PnP ACPI init
[    3.932890] pnp: PnP ACPI: found 3 devices

[   .948115] clocksource: acpipm: mask: 0xffffff max_cycles: 0xfffff mx_ide_s: 2085701024 ns
[   .193601 NET: Registered protocol family 2

[    4.360545] TCP established hash table entries: 8192 (order: 4, 65536 bytes)
[    4.366958] TCP bind hash table entries: 8192 (order: 5, 131072 bytes)
[    4.372780] TCP: Hash tables configured (established 8192 bind 8192)
[    4.378748] UDP hash table entries: 512 (order: 2, 16384 bytes)
[    4.384740] UDP-Lite hash table entries: 512 (order: 2, 16384 bytes)
[    4.390555] NET: Registered protocol family 1
[    4.395366] pci 0000:00:00.0: Limiting direct PCI/PCI transfers
[    4.401147] pci 0000:00:01.0: Activating ISA DMA hang workarounds
[    4.408580] Unpacking initramfs...
[   9.842592] Feeng initrd memory: 10932K

[    9.946952] RAPL PMU detected, API unit is 2^-32 Joules, 4 fixed counter 1737418240 ms ovfl tier
[  10.148721 hw unit of domain pp0-core 2^-0 Joules

[   10.264415] hw unit of domain package 2^-0 Joules
[   10.269070] hw unit of domain dram 2^-0 Joules
[   10.273574] hw unit of domain pp1-gpu 2^-0 Joules
[   10.277233] platform rtc_cmos: registered platform RTC device (no PNP device found)
[   10.291257] Scanning for low memory corruption every 60 seconds
[   10.295294] audit: initializing netlink subsys (disabled)
[   10.298587] audit: type=2000 audit(1529521010.441:1): initialized
[   10.303083] Initialise system trusted keyring
[   10.306173] HugeTLB registered 2 MB page size, pre-allocated 0 pages
[   10.311562] zbud: loaded
[   10.313752] VFS: Disk quotas dquot_6.6.0
[   10.315647] VFS: Dquot-cache hash table entries: 512 (order 0, 4096 bytes)
[   10.318973] squashfs: version 4.0 (2009/01/31) Phillip Lougher
[   10.321825] fuse init (API version 7.23)
[   10.329495] Key type big_key registered
[   10.337588] Allocating IMA MOK and blacklist keyrings.
[   10.341637] Key type asymmetric registered
[   10.343572] Asymmetric key parser 'x509' registered
[   10.345437] Block layer SCSI generic (bsg) driver version 0.4 loaded (major 249)
[   10.349402] io scheduler noop registered
[   10.357574] io scheduler deadline registered (default)
[   10.359536] io scheduler cfq registered
[   10.361202] pci_hotplug: PCI Hot Plug PCI Core version: 0.5
[   10.363156] pciehp: PCI Express Hot Plug Controller Driver version: 0.4
[   10.365801] ACPI: AC Adapter [AC] (off-line)
[   10.367835] input: Power Button as /devices/LNXSYSTM:00/LNXPWRBN:00/input/input0
[   10.371791] ACPI: Power Button [PWRF]
[   10.372992] input: Sleep Button as /devices/LNXSYSTM:00/LNXSLPBN:00/input/input1
[   10.375187] ACPI: Sleep Button [SLPF]
[   10.377194] GHES: HEST is not enabled!
[   10.378872] ACPI: Battery Slot [BAT0] (battery present)
[   10.388418] Serial: 8250/16550 driver, 32 ports, IRQ sharing enabled
[   10.413437] 00:02: ttyS0 at I/O 0x3f8 (irq = 4, base_baud = 115200) is a 16550A
[   10.451955] Linux agpgart interface v0.103
[   10.456011] loop: module loaded
[   10.457853] scsi host0: ata_piix
[   10.459178] scsi host1: ata_piix
[   10.467033] ata1: PATA max UDMA/33 cmd 0x1f0 ctl 0x3f6 bmdma 0xd000 irq 14
[   10.490071] ata2: PATA max UDMA/33 cmd 0x170 ctl 0x376 bmdma 0xd008 irq 15
[   10.504642] libphy: Fixed MDIO Bus: probed
[   10.518733] tun: Universa TU/TAP device driver, 1.6
[   10.587156] tun: (C) 1999-2004 Max Krasnyansky <maxk@qualcomm.com>
[   10.598641] PPP generic driver version 2.4.2
[   10.621780] ehci_hcd: USB 2.0 'Enhanced' Host Controller (EHCI) Driver
[   10.628875] ehci-pci: EHCI PCI platform driver
[   10.632945] ehci-platform: EHCI generic platform driver
[   10.637587] ohci_hcd: USB 1.1 'Open' Host Controller (OHCI) Driver
[   10.661506] ohci-pci: OHCI PCI platform driver
[   10.675968 ocipltfrm: OHCI gneicpltform driver
[   11.03256] uhcihc: USB Univrsl Host Contrller Interface driver
[   11.410249] tsc: Refined TSC clocksource calibration: 1995.263 MHz
[   11.415665] clocksource: tsc: mask: 0xffffffffffffffff max_cycles: 0x398566fdfb9, max_idle_ns: 881590752355 ns

[   11.425071] i8042: PNP: PS/2 Controller [PNP0303:PS2K,PNP0f03:PS2M] at 0x60,0x64 irq 1,12
[   11.434286] serio: i8042 KBD port at 0x60,0x64 irq 1
[   11.439529] serio: i8042 AUX port at 0x60,0x64 irq 12
[   11.446373] mousedev: PS/2 mouse device common for all mice
[   11.457171] rtc_cmos rtc_cmos: rtc core: registered rtc_cmos as rtc0
[   11.472112] input: AT Translated Set 2 keyboard as /devices/platform/i8042/serio0/input/input2
[   11.478854] rtc_cmos rtc_cmos: alarms up to one day, 114 bytes nvram
[   11.482871] i2c /dev entries driver
[   11.485567] device-mapper: uevent: version 1.0.3
[   11.489468] device-mapper: ioctl: 4.34.0-ioctl (2015-10-28) initialised: dm-devel@redhat.com
[   11.495674] ledtrig-cpu: registered to indicate activity on CPUs
[   11.501162] NET: Registered protocol family 10
[   11.509916] NET: Registered protocol family 17
[   11.511776] Key type dns_resolver registered
[   11.514474] registered taskstats version 1
[   11.516348] Loading compiled-in X.509 certificates
[   11.519699] Loaded X.509 cert 'Build time autogenerated kernel key: 9f6f572a3ee0cb468eb8db4aa61815bc74ef6adb'
[   11.523481] zswap: loaded using pool lzo/zbud
[   11.528768] Key type trusted registered
[   11.536861] Key type encrypted registered
[   11.538582] AppArmor: AppArmor sha1 policy hashing enabled
[   11.540499] ima: No TPM chip found, activating TPM-bypass!
[   11.542404] evm: HMAC attrs: 0x1
[   11.544239]   Magic number: 6:304:949
[   11.551760] mdio_bus fixed-0: hash matches
[   11.553568] tty tty6: hash matches
[   11.556298] memory memory2: hash matches
[   11.557562] rtc_cmos rtc_cmos: setting system clock to 2018-06-20 18:56:47 UTC (1529521007)
[   11.560306] BIOS EDD facility v0.16 2004-Jun-25, 0 devices found
[   11.562005] EDD information not available.
[   11.565607] Freeing unused kernel memory: 1512K
[   11.569055] Write protecting the kernel read-only data: 14336k
[   11.572016] Freeing unused kernel memory: 1692K
[   11.573710] Freeing unused kernel memory: 96K
Loading, please wait...
starting version 229
[   11.596587] random: systemd-udevd: uninitialized urandom read (16 bytes read, 5 bits of entropy available)
[   11.597987] random: udevadm: uninitialized urandom read (16 bytes read, 5 bits of entropy available)
[   11.598031] random: udevadm: uninitialized urandom read (16 bytes read, 5 bits of entropy available)
[   11.607134] random: systemd-udevd: uninitialized urandom read (16 bytes read, 5 bits of entropy available)
[   11.615987] random: systemd-udevd: uninitialized urandom read (16 bytes read, 5 bits of entropy available)
[   11.617231] random: udevadm: uninitialized urandom read (16 bytes read, 5 bits of entropy available)
[   11.617291] random: udevadm: uninitialized urandom read (16 bytes read, 5 bits of entropy available)
[   11.617545] random: udevadm: uninitialized urandom read (16 bytes read, 5 bits of entropy available)
[   11.617619] random: udevadm: uninitialized urandom read (16 bytes read, 5 bits of entropy available)
[   11.617686] random: udevadm: uninitialized urandom read (16 bytes read, 5 bits of entropy available)
[   11.752900] e1000: Intel(R) PRO/1000 Network Driver - version 7.3.21-k8-NAPI
[   11.755465] e1000: Copyright (c) 1999-2006 Intel Corporation.
[   11.762592] Fusion MPT base driver 3.04.20
[   11.764152] Copyright (c) 1999-2008 LSI Corporation
[   11.782888] Fusion MPT SPI Host driver 3.04.20
[   11.784682] AVX2 version of gcm_enc/dec engaged.
[   11.788486] AES CTR mode by8 optimization enabled
[   11.971566] input: ImExPS/2 Generic Explorer Mouse as /devices/platform/i8042/serio1/input/input4
[   12.221396] e1000 0000:00:03.0 eth0: (PCI:33MHz:32-bit) 02:f0:aa:2d:49:f4
[   12.244593] e1000 0000:00:03.0 eth0: Intel(R) PRO/1000 Network Connection
[   12.269919] e1000 0000:00:03.0 enp0s3: renamed from eth0
[   12.282328] mptbase: ioc0: Initiating bringup
[   12.381895] ioc0: LSI53C1030 A0: Capabilities={Initiator}
[   13.514603] scsi host2: ioc0: LSI53C1030 A0, FwRev=00000000h, Ports=1, MaxQ=256, IRQ=20
[   14.491627] scsi 2:0:0:0: Direct-Access     VBOX     HARDDISK         1.0  PQ: 0 ANSI: 5
[   14.567354] scsi target2:0:0: Beginning Domain Validation
[   14.594104] scsi target2:0:0: Domain Validation skipping write tests
[   14.621586] scsi target2:0:0: Ending Domain Validation
[   14.626735] scsi target2:0:0: asynchronous
[   14.633917] scsi 2:0:1:0: Direct-Access     VBOX     HARDDISK         1.0  PQ: 0 ANSI: 5
[   14.681959] scsi target2:0:1: Beginning Domain Validation
[   14.710139] scsi target2:0:1: Domain Validation skipping write tests
[   14.742200] scsi target2:0:1: Ending Domain Validation
[   14.766606] scsi target2:0:1: asynchronous
[   14.809822] sd 2:0:0:0: [sda] 20971520 512-byte logical blocks: (10.7 GB/10.0 GiB)
[   14.838536] sd 2:0:0:0: Attached scsi generic sg0 type 0
[   14.865115] sd 2:0:1:0: [sdb] 20480 512-byte logical blocks: (10.5 MB/10.0 MiB)
[   14.865268] sd 2:0:0:0: [sda] Write Protect is off
[   14.883118] sd 2:0:1:0: Attached scsi generic sg1 type 0
[   14.901519] sd 2:0:0:0: [sda] Incomplete mode parameter data
[   14.901977] sd 2:0:1:0: [sdb] Write Protect is off
[   14.902412] sd 2:0:1:0: [sdb] Incomplete mode parameter data
[   14.902418] sd 2:0:1:0: [sdb] Assuming drive cache: write through
[   14.952817] sd 2:0:0:0: [sda] Assuming drive cache: write through
[   14.990100]  sda: sda1
[   15.075891] sd 2:0:0:0: [sda] Attached SCSI disk
[   15.076099] sd 2:0:1:0: [sdb] Attached SCSI disk
Begin: Loading essential drivers ... [   16.781654] md: linear personality registered for level -1
[   16.789331] md: multipath personality registered for level -4
[   16.804782] md: raid0 personality registered for level 0
[   16.836840] md: raid1 personality registered for level 1
[   16.918282] raid6: sse2x1   gen()  3752 MB/s
[   16.986186] raid6: sse2x1   xor()  1464 MB/s
[   17.062604] raid6: sse2x2   gen()  2722 MB/s
[   17.138844] raid6: sse2x2   xor()  1877 MB/s
[   17.214960] raid6: sse2x4   gen()  3214 MB/s
[   17.295019] raid6: sse2x4   xor()  2333 MB/s
[   17.367194] raid6: avx2x1   gen()  6228 MB/s
[   17.434899] raid6: avx2x2   gen()  6701 MB/s
[   17.502917] raid6: avx2x4   gen() 12509 MB/s
[   17.522536] raid6: using algorithm avx2x4 gen() 12509 MB/s
[   17.548134] raid6: using avx2x2 recovery algorithm
[   17.570623] xor: automatically using best checksumming function:
[   17.622448]    avx       :  8421.000 MB/sec
[   17.638085] async_tx: api initialized (async)
[   17.676716] md: raid6 personality registered for level 6
[   17.681740] md: raid5 personality registered for level 5
[   17.686487] md: raid4 personality registered for level 4
[   17.708664] md: raid10 personality registered for level 10
done.
Begin: Running /scripts/init-premount ... done.
Begin: Mounting root file system ... Begin: Running /scripts/local-top ... done.
Begin: Running /scripts/local-premount ... [   17.842079] Btrfs loaded
Scanning for Btrfs filesystems
done.
Warning: fsck not present, so skipping root file system
[   18.000122] EXT4-fs (sda1): mounted filesystem with ordered data mode. Opts: (null)
done.
Begin: Running /scripts/local-bottom ... done.
Begin: Running /scripts/init-bottom ... done.
[   18.679429] random: nonblocking pool is initialized
[   18.974062] systemd[1]: systemd 229 running in system mode. (+PAM +AUDIT +SELINUX +IMA +APPARMOR +SMACK +SYSVINIT +UTMP +LIBCRYPTSETUP +GCRYPT +GNUTLS +ACL +XZ -LZ4 +SECCOMP +BLKID +ELFUTILS +KMOD -IDN)
[   19.039408] systemd[1]: Detected virtualization oracle.
[   19.069232] systemd[1]: Detected architecture x86-64.

Welcome to [1mUbuntu 16.04.4 LTS[0m!

[   19.146513] systemd[1]: Set hostname to <ubuntu-xenial>.
[   20.389969] systemd[1]: Set up automount Arbitrary Executable File Formats File System Automount Point.
[[0;32m  OK  [0m] Set up automount Arbitrary Executab...ats File System Automount Point.
[   20.475841] systemd[1]: Listening on Journal Socket.
[[0;32m  OK  [0m] Listening on Journal Socket.
[   20.515977] systemd[1]: Listening on Device-mapper event daemon FIFOs.
[[0;32m  OK  [0m] Listening on Device-mapper event daemon FIFOs.
[   20.563483] systemd[1]: Created slice System Slice.
[[0;32m  OK  [0m] Created slice System Slice.
[   20.630892] systemd[1]: Starting Create list of required static device nodes for the current kernel...
         Starting Create list of required st... nodes for the current kernel...
[   20.710653] systemd[1]: Mounting POSIX Message Queue File System...
         Mounting POSIX Message Queue File System...
[   20.806725] systemd[1]: Starting Load Kernel Modules...
         Starting Load Kernel Modules...
[   20.839836] systemd[1]: Created slice system-serial\x2dgetty.slice.
[[0;32m  OK  [0m] Created slice system-serial\x2dgetty.slice.
[   20.890410] systemd[1]: Mounting Debug File System...
         Mounting Debug File System...
[   20.915752] systemd[1]: Mounting Huge Pages File System...
[   20.935585] Loading iSCSI transport class v2.0-870.
         Mounting Huge Pages File System...
[   20.991858] systemd[1]: Starting Remount Root and Kernel File Systems...
         Starting Remount Root a[   21.013289] iscsi: registered transport (tcp)
nd Kernel File Systems...
[   21.057892] EXT4-fs (sda1): re-mounted. Opts: (null)
[   21.099778] systemd[1]: Listening on LVM2 metadata daemon socket.
[[0;32m  OK  [0m] Listening on LVM2 metadata daemon socket.
[   21.110179] systemd[1]: Started Forward Password Requests to Wall Directory Watch.
[[0;32m  OK  [0m] Started Forward Password Requests to Wall Directory Watch.
[   21.140085] systemd[1]: Listening on Syslog Socket.
[[0;32m  OK  [0m] Listening on Syslog Socket.
[   21.162008] systemd[1]: Created slice system-postgresql.slice.
[[0;32m  OK  [0m] Created slice system-postgresql.slice.
[   21.166942] systemd[1]: Reached target User and Group Name Lookups.
[[0;32m  OK  [0m] Reached target User and Group Name Lookups.
[   21.178152] systemd[1]: Listening on udev Control Socket.
[[0;32m  OK  [0m] Listening on udev Control Socket.
[   21.182272] systemd[1]: Listening on LVM2 poll daemon socket.
[   21.184487] iscsi: registered transport (iser)
[[0;32m  OK  [0m] Listening on LVM2 poll daemon socket.
[   21.187826] systemd[1]: Created slice User and Session Slice.
[[0;32m  OK  [0m] Created slice User and Session Slice.
[   21.192275] systemd[1]: Reached target Slices.
[[0;32m  OK  [0m] Reached target Slices.
[   21.206289] systemd[1]: Starting Nameserver information manager...
         Starting Nameserver information manager...
[   21.215524] systemd[1]: Reached target Swap.
[[0;32m  OK  [0m] Reached target Swap.
[   21.226089] systemd[1]: Starting Uncomplicated firewall...
         Starting Uncomplicated firewall...
[   21.238289] systemd[1]: Listening on Journal Audit Socket.
[[0;32m  OK  [0m] Listening on Journal Audit Socket.
[   21.241526] systemd[1]: Started Trigger resolvconf update for networkd DNS.
[[0;32m  OK  [0m] Started Trigger resolvconf update for networkd DNS.
[   21.246419] systemd[1]: Starting Monitoring of LVM2 mirrors, snapshots etc. using dmeventd or progress polling...
         Starting Monitoring of LVM2 mirrors... dmeventd or progress polling...
[   21.260404] systemd[1]: Reached target Encrypted Volumes.
[[0;32m  OK  [0m] Reached target Encrypted Volumes.
[   21.270869] systemd[1]: Listening on udev Kernel Socket.
[[0;32m  OK  [0m] Listening on udev Kernel Socket.
[   21.310918] systemd[1]: Starting Set console keymap...
         Starting Set console keymap...
[   21.334671] systemd[1]: Listening on Journal Socket (/dev/log).
[[0;32m  OK  [0m] Listening on Journal Socket (/dev/log).
[   21.406534] systemd[1]: Starting Journal Service...
         Starting Journal Service...
[   21.435013] systemd[1]: Listening on /dev/initctl Compatibility Named Pipe.
[[0;32m  OK  [0m] Listening on /dev/initctl Compatibility Named Pipe.
[   21.522860] systemd[1]: Reached target System Time Synchronized.
[[0;32m  OK  [0m] Reached target System Time Synchronized.
[   21.621127] systemd[1]: Mounted Huge Pages File System.
[[0;32m  OK  [0m] Mounted Huge Pages File System.
[   21.651216] systemd[1]: Mounted Debug File System.
[[0;32m  OK  [0m] Mounted Debug File System.
[   21.686339] systemd[1]: Mounted POSIX Message Queue File System.
[[0;32m  OK  [0m] Mounted POSIX Message Queue File System.
[   21.723762] systemd[1]: Started Journal Service.
[[0;32m  OK  [0m] Started Journal Service.
[[0;32m  OK  [0m] Started Create list of required sta...ce nodes for the current kernel.
[[0;32m  OK  [0m] Started Load Kernel Modules.
[[0;32m  OK  [0m] Started Remount Root and Kernel File Systems.
[[0;32m  OK  [0m] Started Uncomplicated firewall.
[[0;32m  OK  [0m] Started Set console keymap.
[[0;32m  OK  [0m] Started Nameserver information manager.
[[0;32m  OK  [0m] Started LVM2 metadata daemon.
         Starting Load/Save Random Seed...
         Starting udev Coldplug all Devices...
         Starting Apply Kernel Variables...
         Mounting FUSE Control File System...
         Starting Create Static Device Nodes in /dev...
         Starting Flush Journal to Persistent Storage...
[[0;32m  OK  [0m] Mounted FUSE Control File System.
[[0;32m  OK  [0m] Started Load/Save Random Seed.
[[0;32m  OK  [0m] Started Apply Kernel Variables.
[[0;32m  OK  [0m] Started udev Coldplug all Devices.
[[0;32m  OK  [0m] Started Flush Journal to Persistent Storage.
[[0;32m  OK  [0m] Started Create Static Device Nodes in /dev.
         Starting udev Kernel Device Manager...
[[0;32m  OK  [0m] Started Monitoring of LVM2 mirrors,...ng dmeventd or progress polling.
[[0;32m  OK  [0m] Started udev Kernel Device Manager.
[[0;32m  OK  [0m] Started Dispatch Password Requests to Console Directory Watch.
[[0;32m  OK  [0m] Reached target Local File Systems (Pre).
[[0;32m  OK  [0m] Reached target Local File Systems.
         Starting LSB: AppArmor initialization...
         Starting Initial cloud-init job (pre-networking)...
         Starting Create Volatile Files and Directories...
         Starting Tell Plymouth To Write Out Runtime Data...
         Starting Set console font and keymap...
[[0;32m  OK  [0m] Started Tell Plymouth To Write Out Runtime Data.
[[0;32m  OK  [0m] Started Create Volatile Files and Directories.
         Starting Update UTMP about System Boot/Shutdown...
[[0;32m  OK  [0m] Found device /dev/ttyS0.
[[0;32m  OK  [0m] Started Update UTMP about System Boot/Shutdown.
[[0;32m  OK  [0m] Found device 82540EM Gigabit Ethern...r (PRO/1000 MT Desktop Adapter).
[[0;32m  OK  [0m] Listening on Load/Save RF Kill Switch Status /dev/rfkill Watch.
[[0;32m  OK  [0m] Started LSB: AppArmor initialization.
[[0;32m  OK  [0m] Started Set console font and keymap.
[[0;32m  OK  [0m] Created slice system-getty.slice.
[   27.184395] cloud-init[490]: Cloud-init v. 18.2 running 'init-local' at Wed, 20 Jun 2018 18:57:04 +0000. Up 26.13 seconds.
[[0;32m  OK  [0m] Started Initial cloud-init job (pre-networking).
[[0;32m  OK  [0m] Reached target Network (Pre).
[[0;32m  OK  [0m] Started ifup for enp0s3.
         Starting Raise network interfaces...
[[0;32m  OK  [0m] Started Raise network interfaces.
[[0;32m  OK  [0m] Reached target Network.
         Starting Initial cloud-init job (metadata service crawler)...
[   30.057732] cloud-init[1009]: Cloud-init v. 18.2 running 'init' at Wed, 20 Jun 2018 18:57:07 +0000. Up 28.73 seconds.
[   30.070192] cloud-init[1009]: ci-info: +++++++++++++++++++++++++++++++++++++Net device info++++++++++++++++++++++++++++++++++++++
[   30.082766] cloud-init[1009]: ci-info: +--------+------+----------------------------+---------------+-------+-------------------+
[   30.109254] cloud-init[1009]: ci-info: | Device |  Up  |          Address           |      Mask     | Scope |     Hw-Address    |
[   30.202646] cloud-init[1009]: ci-info: +--------+------+----------------------------+---------------+-------+-------------------+
[   30.232802] [[0;32m  OK  [0m] Started Initial cloud-init job (metadata service crawler).
cloud-init[1009]: ci-info: | enp0s3 | True |         10.0.2.15          | 255.255.255.0 |   .   | 02:f0:aa:2d:49:f4 |[[0;32m  OK  [0m] Reached target System Initialization.
[[0;32m  OK  [0m] Listening on ACPID Listen Socket.

[[0;32m  OK  [0m] Listening on D-Bus System Message Bus Socket.
[   30.237099] [[0;32m  OK  [0m] Listening on UUID daemon activation socket.
         Starting Socket activation for snappy daemon.
[[0;32m  OK  [0m] Started Daily Cleanup of Temporary Directories.
cloud-init[1009]: ci-info: | enp0s3 | True | fe80::f0:aaff:fe2d:49f4/64 |       .       |  link | 02:f0:aa:2d:49:f4 |
[   30.301041] [[0;32m  OK  [0m] Started Daily apt download activities.
[[0;32m  OK  [0m] Started Daily apt upgrade and clean activities.
cloud-init[1009]: ci-info: |   lo   | True |         127.0.0.1          |   255.0.0.0   |   .   |         .         |
[   30.312858] cloud-init[[0;32m  OK  [0m] Reached target Timers.
[1009]: ci-info: |   lo   | True |          ::1/128           |       .       |  host |         .         |
[   30.425843] cloud-init[1009]: ci-info: +--------+------+----------------------------+---------------+-------+-------------------+
         Starting LXD - unix socket.
[   30.429565] cloud-init[1009]: ci-info: +++++++++++++++++++++++++++Route IPv4 info++++++++++++++++++++++++++++
[   30.460178] [cloud-init[0;32m  OK  [0m[1009]: ] ci-info: +-------+-------------+----------+---------------+-----------+-------+Started ACPI Events Check.

[   30.462706] [cloud-init[0;32m  OK  [0m[1009]: ] ci-info: | Route | Destination | Gateway  |    Genmask    | Interface | Flags |Reached target Paths.

[   30.519405] [[0;32m  OK  [0m] Reached target Network is Online.
cloud-init[1009]: ci-info: +-------+-------------+----------+---------------+-----------+-------+
         Starting iSCSI initiator daemon (iscsid)...
[   30.668458] [[0;32m  OK  [0m] Reached target Cloud-config availability.
cloud-init[1009]: ci-info: |   0   |   0.0.0.0   | 10.0.2.2 |    0.0.0.0    |   enp0s3  |   UG  |
[   30.797010] [[0;32m  OK  [0m] Listening on Socket activation for snappy daemon.
[[0;32m  OK  [0m] Listening on LXD - unix socket.
cloud-init[1009]: ci-info: |   1   |   10.0.2.0  | 0.0.0.0  | 255.255.255.0 |   enp0s3  |   U   |
[   30.827814] cloud-init[1009]: ci-info: +-------+-------------+----------+---------------+-----------+-------+
[[0;32m  OK  [0m] Reached target Sockets.
[[0;32m  OK  [0m] Reached target Basic System.
[[0;32m  OK  [0m] Started Deferred execution scheduler.
[[0;32m  OK  [0m] Started D-Bus System Message Bus.
         Starting System Logging Service...
         Starting LSB: MD monitoring daemon...
         Starting Apply the settings specified in cloud-config...
         Starting Virtualbox guest utils...
         Starting Login Service...
[[0;32m  OK  [0m] Started Regular background program processing daemon.
         Starting Accounts Service...
         Starting LXD - container startup/shutdown...
[[0;32m  OK  [0m] Started ACPI event daemon.
         Starting OpenBSD Secure Shell server...
[[0;32m  OK  [0m] Started FUSE filesystem for LXC.
         Starting PostgreSQL Cluster 9.5-main...
[[0;32m  OK  [0m] Started Unattended Upgrades Shutdown.
         Starting /etc/rc.local Compatibility...
         Starting LSB: Record successful boot for GRUB...
         Starting Snappy daemon...
[[0;32m  OK  [0m] Started System Logging Service.
[[0;32m  OK  [0m] Started iSCSI initiator daemon (iscsid).
[[0;32m  OK  [0m] Started /etc/rc.local Compatibility.
         Starting Login to default iSCSI targets...
[[0;32m  OK  [0m] Started Login Service.
[[0;32m  OK  [0m] Started LSB: MD monitoring daemon.
[[0;32m  OK  [0m] Started LSB: Record successful boot for GRUB.
[[0;32m  OK  [0m] Started Login to default iSCSI targets.
[[0;32m  OK  [0m] Reached target Remote File Systems (Pre).
[[0;32m  OK  [0m] Reached target Remote File Systems.
         Starting LSB: automatic crash report generation...
         Starting Permit User Sessions...
         Starting LSB: Start/stop sysstat's sadc...
         Starting LSB: daemon to balance interrupts for SMP systems...
         Starting LSB: Set the CPU Frequency Scaling governor to "ondemand"...
[   32.593935] cloud-init[1079]: Cloud-init v. 18.2 running 'modules:config' at Wed, 20 Jun 2018 18:57:10 +0000. Up 31.75 seconds.
[[0;32m  OK  [0m] Started Virtualbox guest utils.
[[0;32m  OK  [0m] Started Permit User Sessions.
         Starting Hold until boot process finishes up...
         Starting Terminate Plymouth Boot Screen...
[[0;32m  OK  [0m] Started LSB: Set the CPU Frequency Scaling governor to "ondemand".
[[0;32m  OK  [0m] Started Hold until boot process finishes up.
[[0;32m  OK  [0m] Started Apply the settings specified in cloud-config.
[[0;32m  OK  [0m] Started Terminate Plymouth Boot Screen.
[[0;32m  OK  [0m] Started Serial Getty on ttyS0.
[[0;32m  OK  [0m] Started Getty on tty1.
[[0;32m  OK  [0m] Reached target Login Prompts.
         Starting Set console scheme...
[[0;32m  OK  [0m] Started LSB: Start/stop sysstat's sadc.
[[0;32m  OK  [0m] Started Set console scheme.
[[0;32m  OK  [0m] Started LSB: daemon to balance interrupts for SMP systems.
[[0;32m  OK  [0m] Started LSB: automatic crash report generation.
[[0;32m  OK  [0m] Started OpenBSD Secure Shell server.
         Starting Authenticate and Authorize Users to Run Privileged Tasks...
[[0;32m  OK  [0m] Started Authenticate and Authorize Users to Run Privileged Tasks.
[[0;32m  OK  [0m] Started Accounts Service.
[[0;32m  OK  [0m] Created slice User Slice of vagrant.
         Starting User Manager for UID 1000...
[[0;32m  OK  [0m] Started Session 1 of user vagrant.
[[0;32m  OK  [0m] Started User Manager for UID 1000.
[[0;32m  OK  [0m] Started LXD - container startup/shutdown.
[[0;32m  OK  [0m] Started Snappy daemon.

Ubuntu 16.04.4 LTS ubuntu-xenial ttyS0

ubuntu-xenial login: [   41.026827] cloud-init[1426]: Cloud-init v. 18.2 running 'modules:final' at Wed, 20 Jun 2018 18:57:19 +0000. Up 40.79 seconds.
[   41.027250] cloud-init[1426]: Cloud-init v. 18.2 finished at Wed, 20 Jun 2018 18:57:19 +0000. Datasource DataSourceNoCloud [seed=/dev/sdb][dsmode=net].  Up 41.01 seconds
